<?xml version="1.0" encoding="UTF-8"?>
<!-- Generated by org.testng.reporters.JUnitReportReporter -->
<testsuite hostname="CSKVW" failures="0" tests="1" name="runnerclass.TestRunner" time="5.077" errors="0" timestamp="2022-03-25T18:44:07 IST" skipped="0">
  <testcase classname="runnerclass.TestRunner" name="runScenario" time="5.077"/>
  <system-out/>
</testsuite> <!-- runnerclass.TestRunner -->
