<?xml version="1.0" encoding="UTF-8"?>
<!-- Generated by org.testng.reporters.JUnitReportReporter -->
<testsuite hostname="CSKVW" failures="0" tests="1" name="runnerclass.TestRunner" time="6.020" errors="0" timestamp="2022-04-21T12:15:37 IST" skipped="0">
  <testcase classname="runnerclass.TestRunner" name="runScenario" time="6.020"/>
  <system-out/>
</testsuite> <!-- runnerclass.TestRunner -->
