<?xml version="1.0" encoding="UTF-8"?>
<!-- Generated by org.testng.reporters.JUnitReportReporter -->
<testsuite hostname="CSKVW" failures="0" tests="1" name="test_run.Highlight" time="1.840" errors="0" timestamp="2022-03-24T22:05:22 IST" skipped="0">
  <testcase classname="test_run.Highlight" name="highlightElement" time="1.840"/>
  <system-out/>
</testsuite> <!-- test_run.Highlight -->
